#
# A fatal error has been detected by the Java Runtime Environment:
#
#  EXCEPTION_ACCESS_VIOLATION (0xc0000005) at pc=0x000000006d36bc46, pid=5756, tid=0x0000000000003a20
#
# JRE version: Java(TM) SE Runtime Environment (8.0_191-b12) (build 1.8.0_191-b12)
# Java VM: Java HotSpot(TM) 64-Bit Server VM (25.191-b12 mixed mode windows-amd64 compressed oops)
# Problematic frame:
# V  [jvm.dll+0x40bc46]
#
# Failed to write core dump. Minidumps are not enabled by default on client versions of Windows
#
# If you would like to submit a bug report, please visit:
#   http://bugreport.java.com/bugreport/crash.jsp
#

---------------  T H R E A D  ---------------

Current thread (0x000000000297d000):  GCTaskThread [stack: 0x0000000017580000,0x0000000017680000] [id=14880]

siginfo: ExceptionCode=0xc0000005, ExceptionInformation=0x0000000000000008 0x000000000000bc06

Registers:
RAX=0x0000000000016609, RBX=0x0000000000000005, RCX=0x000000000000000a, RDX=0x0000000002a5cff0
RSP=0x000000001767f8d0, RBP=0x000000001767f9b0, RSI=0x0000000000000003, RDI=0x0000000002a5bff0
R8 =0x0000000000000009, R9 =0x0000000051acb2da, R10=0x000000000000000c, R11=0x000000001767f940
R12=0x000000000000000b, R13=0x000000001767f9c8, R14=0x0000000000000000, R15=0x000000000297d310
RIP=0x000000006d36bc46, EFLAGS=0x0000000000010206

Top of Stack: (sp=0x000000001767f8d0)
0x000000001767f8d0:   0000000002a5cdb0 000000006d5b9998
0x000000001767f8e0:   000296440001b02d 000296450001b02d
0x000000001767f8f0:   0002aabf00016609 0000000000000000
0x000000001767f900:   0000000200000000 000271640001e6bd
0x000000001767f910:   0002769a0001d8f1 000271640001e6bc
0x000000001767f920:   000000023500e408 0002769a0001d8f0
0x000000001767f930:   000000000297d310 000000000297d300
0x000000001767f940:   000000000297d300 000000000296f560
0x000000001767f950:   000000006d5b9998 0000000000000003
0x000000001767f960:   0000000052461270 000000006d358007
0x000000001767f970:   0002769a0001d8f1 0000000002a5cdb0
0x000000001767f980:   0000000000000000 000000006d5b9998
0x000000001767f990:   00000006a1a08000 0000000000033600
0x000000001767f9a0:   0000000052461270 000000006d3554ce
0x000000001767f9b0:   0000000051acb2da 000000000297d000
0x000000001767f9c0:   0000000000000000 0000000235081728 

Instructions: (pc=0x000000006d36bc46)
0x000000006d36bc26:   44 24 20 2b c8 81 e1 ff ff 01 00 81 f9 ff ff 01
0x000000006d36bc36:   00 41 0f 44 ce 85 c9 75 07 32 c0 e9 e3 00 00 00
0x000000006d36bc46:   8b 4c 24 20 48 8b 42 30 48 8b 0c c8 48 8b 5c 24
0x000000006d36bc56:   20 8d 43 01 48 89 9c 24 a0 00 00 00 49 89 4d 00 


Register to memory mapping:

RAX=0x0000000000016609 is an unknown value
RBX=0x0000000000000005 is an unknown value
RCX=0x000000000000000a is an unknown value
RDX=0x0000000002a5cff0 is an unknown value
RSP=0x000000001767f8d0 is an unknown value
RBP=0x000000001767f9b0 is an unknown value
RSI=0x0000000000000003 is an unknown value
RDI=0x0000000002a5bff0 is an unknown value
R8 =0x0000000000000009 is an unknown value
R9 =0x0000000051acb2da is pointing into the stack for thread: 0x000000004f840800
R10=0x000000000000000c is an unknown value
R11=0x000000001767f940 is an unknown value
R12=0x000000000000000b is an unknown value
R13=0x000000001767f9c8 is an unknown value
R14=0x0000000000000000 is an unknown value
R15=0x000000000297d310 is an unknown value


Stack: [0x0000000017580000,0x0000000017680000],  sp=0x000000001767f8d0,  free space=1022k
Native frames: (J=compiled Java code, j=interpreted, Vv=VM code, C=native code)
V  [jvm.dll+0x40bc46]
V  [jvm.dll+0x3f8007]
V  [jvm.dll+0x3f54ce]
V  [jvm.dll+0x29eb9a]
C  [msvcr100.dll+0x21d9f]
C  [msvcr100.dll+0x21e3b]
C  [KERNEL32.DLL+0x17974]
C  [ntdll.dll+0x6a271]


---------------  P R O C E S S  ---------------

Java Threads: ( => current thread )
  0x000000004f8d5800 JavaThread "Service Thread" daemon [_thread_blocked, id=7188, stack(0x0000000052160000,0x0000000052260000)]
  0x000000004f843000 JavaThread "C1 CompilerThread11" daemon [_thread_blocked, id=13788, stack(0x0000000052060000,0x0000000052160000)]
  0x000000004f846000 JavaThread "C1 CompilerThread10" daemon [_thread_blocked, id=19076, stack(0x0000000051f60000,0x0000000052060000)]
  0x000000004f843800 JavaThread "C1 CompilerThread9" daemon [_thread_blocked, id=19424, stack(0x0000000051d60000,0x0000000051e60000)]
  0x000000004f842000 JavaThread "C1 CompilerThread8" daemon [_thread_blocked, id=15208, stack(0x0000000051c60000,0x0000000051d60000)]
  0x000000004f840000 JavaThread "C2 CompilerThread7" daemon [_thread_blocked, id=19928, stack(0x0000000051b60000,0x0000000051c60000)]
  0x000000004f840800 JavaThread "C2 CompilerThread6" daemon [_thread_blocked, id=18404, stack(0x0000000051a60000,0x0000000051b60000)]
  0x000000004f827000 JavaThread "C2 CompilerThread5" daemon [_thread_blocked, id=9264, stack(0x0000000051960000,0x0000000051a60000)]
  0x000000004f808800 JavaThread "C2 CompilerThread4" daemon [_thread_blocked, id=9708, stack(0x0000000051860000,0x0000000051960000)]
  0x000000004f7f7800 JavaThread "C2 CompilerThread3" daemon [_thread_blocked, id=3308, stack(0x0000000051760000,0x0000000051860000)]
  0x000000004f7f4000 JavaThread "C2 CompilerThread2" daemon [_thread_blocked, id=14160, stack(0x0000000051660000,0x0000000051760000)]
  0x000000004f7f0000 JavaThread "C2 CompilerThread1" daemon [_thread_blocked, id=20076, stack(0x0000000051560000,0x0000000051660000)]
  0x000000004f7ed000 JavaThread "C2 CompilerThread0" daemon [_thread_blocked, id=21436, stack(0x0000000051460000,0x0000000051560000)]
  0x000000004f7e8000 JavaThread "Attach Listener" daemon [_thread_blocked, id=9608, stack(0x0000000051360000,0x0000000051460000)]
  0x000000004f7e3000 JavaThread "Signal Dispatcher" daemon [_thread_blocked, id=9232, stack(0x0000000051260000,0x0000000051360000)]
  0x000000004dd72800 JavaThread "Finalizer" daemon [_thread_blocked, id=8876, stack(0x0000000051060000,0x0000000051160000)]
  0x000000004f7d6000 JavaThread "Reference Handler" daemon [_thread_blocked, id=888, stack(0x0000000050f60000,0x0000000051060000)]
  0x0000000002b4e800 JavaThread "main" [_thread_blocked, id=11304, stack(0x0000000002780000,0x0000000002880000)]

Other Threads:
  0x000000004f7b4800 VMThread [stack: 0x0000000050e60000,0x0000000050f60000] [id=9516]
  0x000000004f8c4800 WatcherThread [stack: 0x0000000052260000,0x0000000052360000] [id=20600]

=>0x000000000297d000 (exited) GCTaskThread [stack: 0x0000000017580000,0x0000000017680000] [id=14880]

VM state:at safepoint (normal execution)

VM Mutex/Monitor currently owned by a thread:  ([mutex/lock_event])
[0x0000000002b4da90] Threads_lock - owner thread: 0x000000004f7b4800
[0x0000000002b4d290] Heap_lock - owner thread: 0x0000000002b4e800

Heap:
 PSYoungGen      total 5741568K, used 1700349K [0x00000005aab00000, 0x00000007c0000000, 0x00000007c0000000)
  eden space 4041216K, 0% used [0x00000005aab00000,0x00000005aab00000,0x00000006a1580000)
  from space 1700352K, 99% used [0x00000006a1580000,0x00000007091ff568,0x0000000709200000)
  to   space 2232320K, 0% used [0x0000000737c00000,0x0000000737c00000,0x00000007c0000000)
 ParOldGen       total 7519744K, used 7075064K [0x0000000180000000, 0x000000034af80000, 0x00000005aab00000)
  object space 7519744K, 94% used [0x0000000180000000,0x000000032fd3e0e0,0x000000034af80000)
 Metaspace       used 8645K, capacity 8848K, committed 9088K, reserved 1056768K
  class space    used 1038K, capacity 1112K, committed 1152K, reserved 1048576K

Card table byte_map: [0x0000000011f10000,0x0000000015120000] byte_map_base: 0x0000000011310000

Marking Bits: (ParMarkBitMap*) 0x000000006d783e30
 Begin Bits: [0x0000000017f80000, 0x0000000030f80000)
 End Bits:   [0x0000000030f80000, 0x0000000049f80000)

Polling page: 0x00000000005f0000

CodeCache: size=245760Kb used=5500Kb max_used=5518Kb free=240259Kb
 bounds [0x0000000002b50000, 0x00000000030c0000, 0x0000000011b50000]
 total_blobs=1328 nmethods=1010 adapters=228
 compilation: enabled

Compilation events (10 events):
Event: 6.395 Thread 0x000000004f840000 1006       4       ebot.ebn.SarcasmDetector::loadTrainingData (70 bytes)
Event: 6.404 Thread 0x000000004f827000 1007       4       java.io.InputStreamReader::read (11 bytes)
Event: 6.410 Thread 0x000000004f840800 1008       4       java.io.Reader::read (35 bytes)
Event: 6.412 Thread 0x000000004f808800 1009       4       java.nio.HeapCharBuffer::put (54 bytes)
Event: 6.413 Thread 0x000000004f808800 nmethod 1009 0x00000000030a1350 code [0x00000000030a14a0, 0x00000000030a1658]
Event: 6.413 Thread 0x000000004f7ed000 1010       4       java.util.Scanner::makeSpace (133 bytes)
Event: 6.416 Thread 0x000000004f7ed000 nmethod 1010 0x0000000003099550 code [0x00000000030996e0, 0x0000000003099ba8]
Event: 6.421 Thread 0x000000004f840000 nmethod 1006 0x00000000030a96d0 code [0x00000000030a9a60, 0x00000000030ab9c8]
Event: 6.422 Thread 0x000000004f827000 nmethod 1007 0x00000000030b0b50 code [0x00000000030b0d60, 0x00000000030b2310]
Event: 6.429 Thread 0x000000004f840800 nmethod 1008 0x00000000030b93d0 code [0x00000000030b95e0, 0x00000000030bb1b0]

GC Heap History (10 events):
Event: 4.945 GC heap after
Heap after GC invocations=24 (full 8):
 PSYoungGen      total 4528640K, used 505661K [0x00000005aab00000, 0x0000000718c80000, 0x00000007c0000000)
  eden space 3432960K, 0% used [0x00000005aab00000,0x00000005aab00000,0x000000067c380000)
  from space 1095680K, 46% used [0x00000006c5b00000,0x00000006e48cf548,0x0000000708900000)
  to   space 1203712K, 0% used [0x000000067c380000,0x000000067c380000,0x00000006c5b00000)
 ParOldGen       total 6135808K, used 4891847K [0x0000000180000000, 0x00000002f6800000, 0x00000005aab00000)
  object space 6135808K, 79% used [0x0000000180000000,0x00000002aa931fa0,0x00000002f6800000)
 Metaspace       used 8645K, capacity 8848K, committed 9088K, reserved 1056768K
  class space    used 1038K, capacity 1112K, committed 1152K, reserved 1048576K
}
Event: 5.239 GC heap before
{Heap before GC invocations=25 (full 8):
 PSYoungGen      total 4528640K, used 3938621K [0x00000005aab00000, 0x0000000718c80000, 0x00000007c0000000)
  eden space 3432960K, 100% used [0x00000005aab00000,0x000000067c380000,0x000000067c380000)
  from space 1095680K, 46% used [0x00000006c5b00000,0x00000006e48cf548,0x0000000708900000)
  to   space 1203712K, 0% used [0x000000067c380000,0x000000067c380000,0x00000006c5b00000)
 ParOldGen       total 6135808K, used 4891847K [0x0000000180000000, 0x00000002f6800000, 0x00000005aab00000)
  object space 6135808K, 79% used [0x0000000180000000,0x00000002aa931fa0,0x00000002f6800000)
 Metaspace       used 8645K, capacity 8848K, committed 9088K, reserved 1056768K
  class space    used 1038K, capacity 1112K, committed 1152K, reserved 1048576K
Event: 5.448 GC heap after
Heap after GC invocations=25 (full 8):
 PSYoungGen      total 4636672K, used 1203680K [0x00000005aab00000, 0x000000076b380000, 0x00000007c0000000)
  eden space 3432960K, 0% used [0x00000005aab00000,0x00000005aab00000,0x000000067c380000)
  from space 1203712K, 99% used [0x000000067c380000,0x00000006c5af8020,0x00000006c5b00000)
  to   space 1586688K, 0% used [0x000000070a600000,0x000000070a600000,0x000000076b380000)
 ParOldGen       total 6135808K, used 5444693K [0x0000000180000000, 0x00000002f6800000, 0x00000005aab00000)
  object space 6135808K, 88% used [0x0000000180000000,0x00000002cc515518,0x00000002f6800000)
 Metaspace       used 8645K, capacity 8848K, committed 9088K, reserved 1056768K
  class space    used 1038K, capacity 1112K, committed 1152K, reserved 1048576K
}
Event: 5.448 GC heap before
{Heap before GC invocations=26 (full 9):
 PSYoungGen      total 4636672K, used 1203680K [0x00000005aab00000, 0x000000076b380000, 0x00000007c0000000)
  eden space 3432960K, 0% used [0x00000005aab00000,0x00000005aab00000,0x000000067c380000)
  from space 1203712K, 99% used [0x000000067c380000,0x00000006c5af8020,0x00000006c5b00000)
  to   space 1586688K, 0% used [0x000000070a600000,0x000000070a600000,0x000000076b380000)
 ParOldGen       total 6135808K, used 5444693K [0x0000000180000000, 0x00000002f6800000, 0x00000005aab00000)
  object space 6135808K, 88% used [0x0000000180000000,0x00000002cc515518,0x00000002f6800000)
 Metaspace       used 8645K, capacity 8848K, committed 9088K, reserved 1056768K
  class space    used 1038K, capacity 1112K, committed 1152K, reserved 1048576K
Event: 6.263 GC heap after
Heap after GC invocations=26 (full 9):
 PSYoungGen      total 4636672K, used 217048K [0x00000005aab00000, 0x000000076b380000, 0x00000007c0000000)
  eden space 3432960K, 0% used [0x00000005aab00000,0x00000005aab00000,0x000000067c380000)
  from space 1203712K, 18% used [0x000000067c380000,0x0000000689776218,0x00000006c5b00000)
  to   space 1586688K, 0% used [0x000000070a600000,0x000000070a600000,0x000000076b380000)
 ParOldGen       total 7519744K, used 6135572K [0x0000000180000000, 0x000000034af80000, 0x00000005aab00000)
  object space 7519744K, 81% used [0x0000000180000000,0x00000002f67c50c8,0x000000034af80000)
 Metaspace       used 8645K, capacity 8848K, committed 9088K, reserved 1056768K
  class space    used 1038K, capacity 1112K, committed 1152K, reserved 1048576K
}
Event: 6.639 GC heap before
{Heap before GC invocations=27 (full 9):
 PSYoungGen      total 4636672K, used 3650008K [0x00000005aab00000, 0x000000076b380000, 0x00000007c0000000)
  eden space 3432960K, 100% used [0x00000005aab00000,0x000000067c380000,0x000000067c380000)
  from space 1203712K, 18% used [0x000000067c380000,0x0000000689776218,0x00000006c5b00000)
  to   space 1586688K, 0% used [0x000000070a600000,0x000000070a600000,0x000000076b380000)
 ParOldGen       total 7519744K, used 6135572K [0x0000000180000000, 0x000000034af80000, 0x00000005aab00000)
  object space 7519744K, 81% used [0x0000000180000000,0x00000002f67c50c8,0x000000034af80000)
 Metaspace       used 8645K, capacity 8848K, committed 9088K, reserved 1056768K
  class space    used 1038K, capacity 1112K, committed 1152K, reserved 1048576K
Event: 6.848 GC heap after
Heap after GC invocations=27 (full 9):
 PSYoungGen      total 5627904K, used 1222045K [0x00000005aab00000, 0x0000000770e80000, 0x00000007c0000000)
  eden space 4041216K, 0% used [0x00000005aab00000,0x00000005aab00000,0x00000006a1580000)
  from space 1586688K, 77% used [0x000000070a600000,0x0000000754f67568,0x000000076b380000)
  to   space 1700352K, 0% used [0x00000006a1580000,0x00000006a1580000,0x0000000709200000)
 ParOldGen       total 7519744K, used 6352681K [0x0000000180000000, 0x000000034af80000, 0x00000005aab00000)
  object space 7519744K, 84% used [0x0000000180000000,0x0000000303bca698,0x000000034af80000)
 Metaspace       used 8645K, capacity 8848K, committed 9088K, reserved 1056768K
  class space    used 1038K, capacity 1112K, committed 1152K, reserved 1048576K
}
Event: 7.191 GC heap before
{Heap before GC invocations=28 (full 9):
 PSYoungGen      total 5627904K, used 5263261K [0x00000005aab00000, 0x0000000770e80000, 0x00000007c0000000)
  eden space 4041216K, 100% used [0x00000005aab00000,0x00000006a1580000,0x00000006a1580000)
  from space 1586688K, 77% used [0x000000070a600000,0x0000000754f67568,0x000000076b380000)
  to   space 1700352K, 0% used [0x00000006a1580000,0x00000006a1580000,0x0000000709200000)
 ParOldGen       total 7519744K, used 6352681K [0x0000000180000000, 0x000000034af80000, 0x00000005aab00000)
  object space 7519744K, 84% used [0x0000000180000000,0x0000000303bca698,0x000000034af80000)
 Metaspace       used 8645K, capacity 8848K, committed 9088K, reserved 1056768K
  class space    used 1038K, capacity 1112K, committed 1152K, reserved 1048576K
Event: 7.471 GC heap after
Heap after GC invocations=28 (full 9):
 PSYoungGen      total 5741568K, used 1700349K [0x00000005aab00000, 0x00000007c0000000, 0x00000007c0000000)
  eden space 4041216K, 0% used [0x00000005aab00000,0x00000005aab00000,0x00000006a1580000)
  from space 1700352K, 99% used [0x00000006a1580000,0x00000007091ff568,0x0000000709200000)
  to   space 2232320K, 0% used [0x0000000737c00000,0x0000000737c00000,0x00000007c0000000)
 ParOldGen       total 7519744K, used 7075064K [0x0000000180000000, 0x000000034af80000, 0x00000005aab00000)
  object space 7519744K, 94% used [0x0000000180000000,0x000000032fd3e0e0,0x000000034af80000)
 Metaspace       used 8645K, capacity 8848K, committed 9088K, reserved 1056768K
  class space    used 1038K, capacity 1112K, committed 1152K, reserved 1048576K
}
Event: 7.471 GC heap before
{Heap before GC invocations=29 (full 10):
 PSYoungGen      total 5741568K, used 1700349K [0x00000005aab00000, 0x00000007c0000000, 0x00000007c0000000)
  eden space 4041216K, 0% used [0x00000005aab00000,0x00000005aab00000,0x00000006a1580000)
  from space 1700352K, 99% used [0x00000006a1580000,0x00000007091ff568,0x0000000709200000)
  to   space 2232320K, 0% used [0x0000000737c00000,0x0000000737c00000,0x00000007c0000000)
 ParOldGen       total 7519744K, used 7075064K [0x0000000180000000, 0x000000034af80000, 0x00000005aab00000)
  object space 7519744K, 94% used [0x0000000180000000,0x000000032fd3e0e0,0x000000034af80000)
 Metaspace       used 8645K, capacity 8848K, committed 9088K, reserved 1056768K
  class space    used 1038K, capacity 1112K, committed 1152K, reserved 1048576K

Deoptimization events (10 events):
Event: 0.668 Thread 0x0000000002b4e800 Uncommon trap: reason=class_check action=maybe_recompile pc=0x00000000030390a4 method=java.util.regex.Pattern$CharProperty.match(Ljava/util/regex/Matcher;ILjava/lang/CharSequence;)Z @ 37
Event: 0.758 Thread 0x0000000002b4e800 Uncommon trap: reason=class_check action=maybe_recompile pc=0x000000000307cdb8 method=java.util.regex.Pattern$Curly.match0(Ljava/util/regex/Matcher;IILjava/lang/CharSequence;)Z @ 170
Event: 0.758 Thread 0x0000000002b4e800 Uncommon trap: reason=unstable_if action=reinterpret pc=0x0000000003060c60 method=java.lang.String.trim()Ljava/lang/String; @ 15
Event: 0.780 Thread 0x0000000002b4e800 Uncommon trap: reason=class_check action=maybe_recompile pc=0x000000000307cdb8 method=java.util.regex.Pattern$Curly.match0(Ljava/util/regex/Matcher;IILjava/lang/CharSequence;)Z @ 170
Event: 1.018 Thread 0x0000000002b4e800 Uncommon trap: reason=unstable_if action=reinterpret pc=0x0000000003091aa8 method=java.lang.String.trim()Ljava/lang/String; @ 23
Event: 1.492 Thread 0x0000000002b4e800 Uncommon trap: reason=class_check action=maybe_recompile pc=0x000000000307cdb8 method=java.util.regex.Pattern$Curly.match0(Ljava/util/regex/Matcher;IILjava/lang/CharSequence;)Z @ 170
Event: 1.702 Thread 0x0000000002b4e800 Uncommon trap: reason=class_check action=maybe_recompile pc=0x000000000307cdb8 method=java.util.regex.Pattern$Curly.match0(Ljava/util/regex/Matcher;IILjava/lang/CharSequence;)Z @ 170
Event: 1.985 Thread 0x0000000002b4e800 Uncommon trap: reason=class_check action=maybe_recompile pc=0x0000000003076c6c method=java.util.regex.Pattern$Curly.match0(Ljava/util/regex/Matcher;IILjava/lang/CharSequence;)Z @ 170
Event: 5.147 Thread 0x0000000002b4e800 Uncommon trap: reason=unstable_if action=reinterpret pc=0x0000000003095e00 method=java.util.Scanner.findWithinHorizon(Ljava/util/regex/Pattern;I)Ljava/lang/String; @ 56
Event: 5.147 Thread 0x0000000002b4e800 Uncommon trap: reason=unstable_if action=reinterpret pc=0x000000000309ce2c method=ebot.ebn.SarcasmDetector.loadTrainingData(Lebot/io/DataSource;Lorg/neuroph/core/data/DataSet;DI)V @ 61

Classes redefined (0 events):
No events

Internal exceptions (10 events):
Event: 0.179 Thread 0x0000000002b4e800 Exception <a 'java/lang/ArrayIndexOutOfBoundsException'> (0x00000005abd3d270) thrown at [C:\re\workspace\8-2-build-windows-amd64-cygwin\jdk8u191\11896\hotspot\src\share\vm\runtime\sharedRuntime.cpp, line 605]
Event: 0.179 Thread 0x0000000002b4e800 Exception <a 'java/lang/ArrayIndexOutOfBoundsException'> (0x00000005abd3e7d8) thrown at [C:\re\workspace\8-2-build-windows-amd64-cygwin\jdk8u191\11896\hotspot\src\share\vm\runtime\sharedRuntime.cpp, line 605]
Event: 0.179 Thread 0x0000000002b4e800 Exception <a 'java/lang/ArrayIndexOutOfBoundsException'> (0x00000005abd408f8) thrown at [C:\re\workspace\8-2-build-windows-amd64-cygwin\jdk8u191\11896\hotspot\src\share\vm\runtime\sharedRuntime.cpp, line 605]
Event: 0.180 Thread 0x0000000002b4e800 Exception <a 'java/lang/ClassNotFoundException': ch/qos/logback/core/pattern/PatternLayoutEncoderBaseCustomizer> (0x00000005abd503f8) thrown at [C:\re\workspace\8-2-build-windows-amd64-cygwin\jdk8u191\11896\hotspot\src\share\vm\classfile\systemDictionary.
Event: 0.180 Thread 0x0000000002b4e800 Exception <a 'java/lang/ArrayIndexOutOfBoundsException'> (0x00000005abd53d10) thrown at [C:\re\workspace\8-2-build-windows-amd64-cygwin\jdk8u191\11896\hotspot\src\share\vm\runtime\sharedRuntime.cpp, line 605]
Event: 0.180 Thread 0x0000000002b4e800 Exception <a 'java/lang/ArrayIndexOutOfBoundsException'> (0x00000005abd56588) thrown at [C:\re\workspace\8-2-build-windows-amd64-cygwin\jdk8u191\11896\hotspot\src\share\vm\runtime\sharedRuntime.cpp, line 605]
Event: 0.180 Thread 0x0000000002b4e800 Exception <a 'java/lang/ClassNotFoundException': ch/qos/logback/classic/encoder/PatternLayoutEncoderCustomizer> (0x00000005abd6a288) thrown at [C:\re\workspace\8-2-build-windows-amd64-cygwin\jdk8u191\11896\hotspot\src\share\vm\classfile\systemDictionary.c
Event: 0.181 Thread 0x0000000002b4e800 Exception <a 'java/lang/ArrayIndexOutOfBoundsException'> (0x00000005abd6d608) thrown at [C:\re\workspace\8-2-build-windows-amd64-cygwin\jdk8u191\11896\hotspot\src\share\vm\runtime\sharedRuntime.cpp, line 605]
Event: 0.629 Thread 0x0000000002b4e800 Implicit null exception at 0x0000000002fedec4 to 0x0000000002fedf92
Event: 0.633 Thread 0x0000000002b4e800 Exception <a 'java/lang/NoSuchMethodError': <clinit>> (0x00000005aca0a138) thrown at [C:\re\workspace\8-2-build-windows-amd64-cygwin\jdk8u191\11896\hotspot\src\share\vm\prims\jni.cpp, line 1613]

Events (10 events):
Event: 5.147 Thread 0x0000000002b4e800 Uncommon trap: trap_request=0xffffff65 fr.pc=0x000000000309ce2c
Event: 5.147 Thread 0x0000000002b4e800 DEOPT PACKING pc=0x000000000309ce2c sp=0x000000000287f0a0
Event: 5.147 Thread 0x0000000002b4e800 DEOPT UNPACKING pc=0x0000000002b9583b sp=0x000000000287f0b8 mode 2
Event: 5.239 Executing VM operation: ParallelGCFailedAllocation
Event: 6.263 Executing VM operation: ParallelGCFailedAllocation done
Event: 6.395 Thread 0x0000000002b4e800 DEOPT PACKING pc=0x0000000003089767 sp=0x000000000287f040
Event: 6.395 Thread 0x0000000002b4e800 DEOPT UNPACKING pc=0x0000000002b97890 sp=0x000000000287ee18 mode 0
Event: 6.639 Executing VM operation: ParallelGCFailedAllocation
Event: 6.848 Executing VM operation: ParallelGCFailedAllocation done
Event: 7.191 Executing VM operation: ParallelGCFailedAllocation


Dynamic libraries:
0x00007ff71a6b0000 - 0x00007ff71a6e7000 	C:\Program Files\Java\jdk1.8.0_191\bin\javaw.exe
0x00007ffb58300000 - 0x00007ffb584ed000 	C:\WINDOWS\SYSTEM32\ntdll.dll
0x00007ffb56080000 - 0x00007ffb56133000 	C:\WINDOWS\System32\KERNEL32.DLL
0x00007ffb54d00000 - 0x00007ffb54f93000 	C:\WINDOWS\System32\KERNELBASE.dll
0x00007ffb55900000 - 0x00007ffb559a3000 	C:\WINDOWS\System32\ADVAPI32.dll
0x00007ffb56140000 - 0x00007ffb561de000 	C:\WINDOWS\System32\msvcrt.dll
0x00007ffb57ed0000 - 0x00007ffb57f6e000 	C:\WINDOWS\System32\sechost.dll
0x00007ffb58040000 - 0x00007ffb58162000 	C:\WINDOWS\System32\RPCRT4.dll
0x00007ffb56290000 - 0x00007ffb56427000 	C:\WINDOWS\System32\USER32.dll
0x00007ffb55250000 - 0x00007ffb55270000 	C:\WINDOWS\System32\win32u.dll
0x00007ffb57ea0000 - 0x00007ffb57ec9000 	C:\WINDOWS\System32\GDI32.dll
0x00007ffb54af0000 - 0x00007ffb54c8a000 	C:\WINDOWS\System32\gdi32full.dll
0x00007ffb55180000 - 0x00007ffb55220000 	C:\WINDOWS\System32\msvcp_win.dll
0x00007ffb55270000 - 0x00007ffb5536a000 	C:\WINDOWS\System32\ucrtbase.dll
0x00007ffb40010000 - 0x00007ffb40289000 	C:\WINDOWS\WinSxS\amd64_microsoft.windows.common-controls_6595b64144ccf1df_6.0.17763.557_none_05b63f68071e5b9f\COMCTL32.dll
0x00007ffb55500000 - 0x00007ffb5582c000 	C:\WINDOWS\System32\combase.dll
0x00007ffb55480000 - 0x00007ffb554fe000 	C:\WINDOWS\System32\bcryptPrimitives.dll
0x00007ffb561e0000 - 0x00007ffb5620e000 	C:\WINDOWS\System32\IMM32.DLL
0x000000006d810000 - 0x000000006d8e2000 	C:\Program Files\Java\jdk1.8.0_191\jre\bin\msvcr100.dll
0x000000006cf60000 - 0x000000006d804000 	C:\Program Files\Java\jdk1.8.0_191\jre\bin\server\jvm.dll
0x00007ffb56280000 - 0x00007ffb56288000 	C:\WINDOWS\System32\PSAPI.DLL
0x00007ffb50a40000 - 0x00007ffb50a49000 	C:\WINDOWS\SYSTEM32\WSOCK32.dll
0x00007ffb47c00000 - 0x00007ffb47c24000 	C:\WINDOWS\SYSTEM32\WINMM.dll
0x00007ffb50c50000 - 0x00007ffb50c5a000 	C:\WINDOWS\SYSTEM32\VERSION.dll
0x00007ffb57f70000 - 0x00007ffb57fdd000 	C:\WINDOWS\System32\WS2_32.dll
0x00007ffb47b30000 - 0x00007ffb47b5d000 	C:\WINDOWS\SYSTEM32\WINMMBASE.dll
0x00007ffb54cb0000 - 0x00007ffb54cfa000 	C:\WINDOWS\System32\cfgmgr32.dll
0x000000006cf50000 - 0x000000006cf5f000 	C:\Program Files\Java\jdk1.8.0_191\jre\bin\verify.dll
0x000000006cf20000 - 0x000000006cf49000 	C:\Program Files\Java\jdk1.8.0_191\jre\bin\java.dll
0x000000006cf00000 - 0x000000006cf16000 	C:\Program Files\Java\jdk1.8.0_191\jre\bin\zip.dll
0x00007ffb56490000 - 0x00007ffb57980000 	C:\WINDOWS\System32\SHELL32.dll
0x00007ffb55ea0000 - 0x00007ffb55f48000 	C:\WINDOWS\System32\shcore.dll
0x00007ffb543a0000 - 0x00007ffb54aea000 	C:\WINDOWS\System32\windows.storage.dll
0x00007ffb54370000 - 0x00007ffb54394000 	C:\WINDOWS\System32\profapi.dll
0x00007ffb542f0000 - 0x00007ffb5434d000 	C:\WINDOWS\System32\powrprof.dll
0x00007ffb56430000 - 0x00007ffb56482000 	C:\WINDOWS\System32\shlwapi.dll
0x00007ffb542d0000 - 0x00007ffb542e1000 	C:\WINDOWS\System32\kernel.appcore.dll
0x00007ffb54c90000 - 0x00007ffb54ca7000 	C:\WINDOWS\System32\cryptsp.dll
0x000000006cee0000 - 0x000000006cefa000 	C:\Program Files\Java\jdk1.8.0_191\jre\bin\net.dll
0x00007ffb53b50000 - 0x00007ffb53bb7000 	C:\WINDOWS\system32\mswsock.dll
0x00007ffb27520000 - 0x00007ffb27536000 	C:\WINDOWS\system32\napinsp.dll
0x00007ffb27500000 - 0x00007ffb2751a000 	C:\WINDOWS\system32\pnrpnsp.dll
0x00007ffb538f0000 - 0x00007ffb539b6000 	C:\WINDOWS\SYSTEM32\DNSAPI.dll
0x00007ffb55e30000 - 0x00007ffb55e38000 	C:\WINDOWS\System32\NSI.dll
0x00007ffb538b0000 - 0x00007ffb538ed000 	C:\WINDOWS\SYSTEM32\IPHLPAPI.DLL
0x00007ffb3d0b0000 - 0x00007ffb3d0be000 	C:\WINDOWS\System32\winrnr.dll
0x00007ffb508a0000 - 0x00007ffb508bb000 	C:\WINDOWS\system32\NLAapi.dll
0x00007ffb3a970000 - 0x00007ffb3a985000 	C:\WINDOWS\system32\wshbth.dll
0x00007ffb4f020000 - 0x00007ffb4f02a000 	C:\Windows\System32\rasadhlp.dll
0x00007ffb4e230000 - 0x00007ffb4e2a9000 	C:\WINDOWS\System32\fwpuclnt.dll
0x00007ffb55220000 - 0x00007ffb55246000 	C:\WINDOWS\System32\bcrypt.dll
0x00007ffb4fe10000 - 0x00007ffb4fffd000 	C:\WINDOWS\SYSTEM32\dbghelp.dll

VM Arguments:
jvm_args: -Xmx25G -Dfile.encoding=Cp1252 
java_command: ebot.ebn.SarcasmDetector
java_class_path (initial): D:\Workspace\AI2\EBF\bin;D:\Libraries\neuroph-framework-2.96\Framework\neuroph-contrib-2.96.jar;D:\Libraries\neuroph-framework-2.96\Framework\neuroph-core-2.96.jar;D:\Libraries\neuroph-framework-2.96\Framework\neuroph-imgrec-2.96.jar;D:\Libraries\neuroph-framework-2.96\Framework\libs\ajt-2.9.jar;D:\Libraries\neuroph-framework-2.96\Framework\libs\android-1.5_r4.jar;D:\Libraries\neuroph-framework-2.96\Framework\libs\javaml-0.1.7.jar;D:\Libraries\neuroph-framework-2.96\Framework\libs\logback-classic-1.0.13.jar;D:\Libraries\neuroph-framework-2.96\Framework\libs\logback-core-1.1.2.jar;D:\Libraries\neuroph-framework-2.96\Framework\libs\slf4j-api-1.7.5.jar;D:\Libraries\neuroph-framework-2.96\Framework\libs\slf4j-nop-1.7.6.jar;D:\Libraries\neuroph-framework-2.96\Framework\libs\visrec-api-1.0-SNAPSHOT.jar;D:\Libraries\neuroph-framework-2.96\Framework\libs\visrec-api-1.0-SNAPSHOT-javadoc.jar;D:\Libraries\neuroph-framework-2.96\Framework\libs\visrec-api-1.0-SNAPSHOT-sources.jar;D:\Libraries\neuroph-framework-2.96\Framework\libs\weka.jar
Launcher Type: SUN_STANDARD

Environment Variables:
PATH=C:/Program Files/Java/jre1.8.0_191/bin/server;C:/Program Files/Java/jre1.8.0_191/bin;C:/Program Files/Java/jre1.8.0_191/lib/amd64;C:\Program Files (x86)\Razer\ChromaBroadcast\bin;C:\Program Files\Razer\ChromaBroadcast\bin;C:\Program Files (x86)\Common Files\Oracle\Java\javapath;C:\Program Files (x86)\Razer Chroma SDK\bin;C:\Program Files\Razer Chroma SDK\bin;c:\program files (x86)\razer chroma sdk\bin;c:\program files\razer chroma sdk\bin;c:\windows\system32;c:\windows;c:\windows\system32\wbem;c:\windows\system32\windowspowershell\v1.0\;c:\windows\system32\openssh\;c:\users\tomas\appdata\local\microsoft\windowsapps;c:\program files\nvidia corporation\nvidia ngx;c:\program files\nvidia corporation\nvidia nvdlisr;C:\Program Files (x86)\NVIDIA Corporation\PhysX\Common;C:\WINDOWS\system32;C:\WINDOWS;C:\WINDOWS\System32\Wbem;C:\WINDOWS\System32\WindowsPowerShell\v1.0\;C:\WINDOWS\System32\OpenSSH\;C:\Users\Tomas\AppData\Local\Microsoft\WindowsApps;C:\WINDOWS\system32\config\systemprofile\AppData\Local\Microsoft\WindowsApps;C:\Users\Tomas\AppData\Local\Programs\Python\Python37\Scripts\;C:\Users\Tomas\AppData\Local\Programs\Python\Python37\;C:\Users\Tomas\AppData\Local\Microsoft\WindowsApps;C:\Users\Tomas\AppData\Local\GitHubDesktop\bin;C:\Users\Tomas\eclipse\java-2018-12\eclipse;
USERNAME=Tomas
OS=Windows_NT
PROCESSOR_IDENTIFIER=Intel64 Family 6 Model 158 Stepping 12, GenuineIntel



---------------  S Y S T E M  ---------------

OS: Windows 10.0 , 64 bit Build 17763 (10.0.17763.475)

CPU:total 16 (initial active 16) (8 cores per cpu, 2 threads per core) family 6 model 158 stepping 12, cmov, cx8, fxsr, mmx, sse, sse2, sse3, ssse3, sse4.1, sse4.2, popcnt, avx, avx2, aes, clmul, erms, rtm, 3dnowpref, lzcnt, ht, tsc, tscinvbit, bmi1, bmi2, adx

Memory: 4k page, physical 33469972k(14830380k free), swap 38668992k(12535092k free)

vm_info: Java HotSpot(TM) 64-Bit Server VM (25.191-b12) for windows-amd64 JRE (1.8.0_191-b12), built on Oct  6 2018 09:29:03 by "java_re" with MS VC++ 10.0 (VS2010)

time: Fri Jun 21 20:45:41 2019
elapsed time: 7 seconds (0d 0h 0m 7s)

